e:\gdp\semester 2\physics2\project 2\library_multiple_projects\final_project1_library_multiple_projects\physics_2_project_1\firstopengl (32bit, day 8a)\firstopengl\debug\vc141.pdb
e:\gdp\semester 2\physics2\project 2\library_multiple_projects\final_project1_library_multiple_projects\physics_2_project_1\firstopengl (32bit, day 8a)\firstopengl\debug\vc141.idb
e:\gdp\semester 2\physics2\project 2\library_multiple_projects\final_project1_library_multiple_projects\physics_2_project_1\firstopengl (32bit, day 8a)\firstopengl\debug\cgameobject.obj
e:\gdp\semester 2\physics2\project 2\library_multiple_projects\final_project1_library_multiple_projects\physics_2_project_1\firstopengl (32bit, day 8a)\firstopengl\debug\cmesh.obj
e:\gdp\semester 2\physics2\project 2\library_multiple_projects\final_project1_library_multiple_projects\physics_2_project_1\firstopengl (32bit, day 8a)\firstopengl\debug\cshader.obj
e:\gdp\semester 2\physics2\project 2\library_multiple_projects\final_project1_library_multiple_projects\physics_2_project_1\firstopengl (32bit, day 8a)\firstopengl\debug\cshadermanager.obj
e:\gdp\semester 2\physics2\project 2\library_multiple_projects\final_project1_library_multiple_projects\physics_2_project_1\firstopengl (32bit, day 8a)\firstopengl\debug\ctriangle.obj
e:\gdp\semester 2\physics2\project 2\library_multiple_projects\final_project1_library_multiple_projects\physics_2_project_1\firstopengl (32bit, day 8a)\firstopengl\debug\cvaomeshmanager.obj
e:\gdp\semester 2\physics2\project 2\library_multiple_projects\final_project1_library_multiple_projects\physics_2_project_1\firstopengl (32bit, day 8a)\firstopengl\debug\cvertex_xyz_rgb.obj
e:\gdp\semester 2\physics2\project 2\library_multiple_projects\final_project1_library_multiple_projects\physics_2_project_1\firstopengl (32bit, day 8a)\firstopengl\debug\themain.obj
e:\gdp\semester 2\physics2\project 2\library_multiple_projects\final_project1_library_multiple_projects\physics_2_project_1\firstopengl (32bit, day 8a)\firstopengl\debug\utilities.obj
e:\gdp\semester 2\physics2\project 2\library_multiple_projects\final_project1_library_multiple_projects\physics_2_project_1\firstopengl (32bit, day 8a)\firstopengl\debug\modelutilities.obj
e:\gdp\semester 2\physics2\project 2\library_multiple_projects\final_project1_library_multiple_projects\physics_2_project_1\firstopengl (32bit, day 8a)\firstopengl\debug\glad.obj
e:\gdp\semester 2\physics2\project 2\library_multiple_projects\final_project1_library_multiple_projects\physics_2_project_1\firstopengl (32bit, day 8a)\debug\firstopengl.exe
e:\gdp\semester 2\physics2\project 2\library_multiple_projects\final_project1_library_multiple_projects\physics_2_project_1\firstopengl (32bit, day 8a)\debug\firstopengl.ilk
e:\gdp\semester 2\physics2\project 2\library_multiple_projects\final_project1_library_multiple_projects\physics_2_project_1\firstopengl (32bit, day 8a)\debug\firstopengl.pdb
e:\gdp\semester 2\physics2\project 2\library_multiple_projects\final_project1_library_multiple_projects\physics_2_project_1\firstopengl (32bit, day 8a)\firstopengl\debug\firstopengl.tlog\cl.command.1.tlog
e:\gdp\semester 2\physics2\project 2\library_multiple_projects\final_project1_library_multiple_projects\physics_2_project_1\firstopengl (32bit, day 8a)\firstopengl\debug\firstopengl.tlog\cl.read.1.tlog
e:\gdp\semester 2\physics2\project 2\library_multiple_projects\final_project1_library_multiple_projects\physics_2_project_1\firstopengl (32bit, day 8a)\firstopengl\debug\firstopengl.tlog\cl.write.1.tlog
e:\gdp\semester 2\physics2\project 2\library_multiple_projects\final_project1_library_multiple_projects\physics_2_project_1\firstopengl (32bit, day 8a)\firstopengl\debug\firstopengl.tlog\link.command.1.tlog
e:\gdp\semester 2\physics2\project 2\library_multiple_projects\final_project1_library_multiple_projects\physics_2_project_1\firstopengl (32bit, day 8a)\firstopengl\debug\firstopengl.tlog\link.read.1.tlog
e:\gdp\semester 2\physics2\project 2\library_multiple_projects\final_project1_library_multiple_projects\physics_2_project_1\firstopengl (32bit, day 8a)\firstopengl\debug\firstopengl.tlog\link.write.1.tlog
